Arguments: 
  /usr/local/bin/node /usr/local/Cellar/yarn/1.6.0/libexec/bin/yarn.js start

PATH: 
  /usr/local/bin:/usr/bin:/bin:/usr/sbin:/sbin:/opt/X11/bin:/usr/local/MacGPG2/bin:/Applications/Wireshark.app/Contents/MacOS

Yarn version: 
  1.6.0

Node version: 
  8.6.0

Platform: 
  darwin x64

Trace: 
  SyntaxError: /Volumes/Workspace/firefox-hash-routing/package.json: Unexpected string in JSON at position 101
      at JSON.parse (<anonymous>)
      at /usr/local/Cellar/yarn/1.6.0/libexec/lib/cli.js:1130:59
      at Generator.next (<anonymous>)
      at step (/usr/local/Cellar/yarn/1.6.0/libexec/lib/cli.js:98:30)
      at /usr/local/Cellar/yarn/1.6.0/libexec/lib/cli.js:109:13
      at <anonymous>

npm manifest: 
  {
    "name": "firefox-hash-routing",
    "version": "1.0.0",
    "main": "index.js",
    "license": "MIT"
    "scripts": {
      "build": "mkdir dist; cp -r src/* dist/",
      "clean": "rm -rf dist",
      "start": "yarn clean; yarn build;"
    }
  }

yarn manifest: 
  No manifest

Lockfile: 
  No lockfile
